{"uuid":"7a0cd0d5-0172-428b-bb6c-a1381ffdee7e","name":"com.automation.core.framework.base.BaseApiTest.setupLoggerAndApi","children":["07b8f5c1-a2c1-4ca3-b6fb-2eca10be09cb"],"description":"","befores":[{"name":"setupLoggerAndApi","status":"broken","statusDetails":{"known":false,"muted":false,"flaky":false,"message":"Configuration loading failed","trace":"com.automation.common.framework.exceptions.FrameworkException: Configuration loading failed\r\n\tat com.automation.core.framework.config.ConfigFactorySingleton.loadProperties(ConfigFactorySingleton.java:76)\r\n\tat com.automation.core.framework.config.ConfigFactorySingleton.load(ConfigFactorySingleton.java:55)\r\n\tat com.automation.core.framework.config.ConfigFactorySingleton.getConfig(ConfigFactorySingleton.java:30)\r\n\tat com.automation.core.framework.logging.LoggerManager.initializeSystemProps(LoggerManager.java:32)\r\n\tat com.automation.core.framework.logging.LoggerManager.initLogger(LoggerManager.java:52)\r\n\tat com.automation.core.framework.logging.LoggerManager.getLogger(LoggerManager.java:43)\r\n\tat com.automation.core.framework.base.BaseApiTest.setupLoggerAndApi(BaseApiTest.java:22)\r\n\tat sun.reflect.NativeMethodAccessorImpl.invoke0(Native Method)\r\n\tat sun.reflect.NativeMethodAccessorImpl.invoke(NativeMethodAccessorImpl.java:62)\r\n\tat sun.reflect.DelegatingMethodAccessorImpl.invoke(DelegatingMethodAccessorImpl.java:43)\r\n\tat java.lang.reflect.Method.invoke(Method.java:498)\r\n\tat org.testng.internal.MethodInvocationHelper.invokeMethod(MethodInvocationHelper.java:133)\r\n\tat org.testng.internal.MethodInvocationHelper.invokeMethodConsideringTimeout(MethodInvocationHelper.java:62)\r\n\tat org.testng.internal.ConfigInvoker.invokeConfigurationMethod(ConfigInvoker.java:385)\r\n\tat org.testng.internal.ConfigInvoker.invokeConfigurations(ConfigInvoker.java:321)\r\n\tat org.testng.internal.TestInvoker.runConfigMethods(TestInvoker.java:700)\r\n\tat org.testng.internal.TestInvoker.invokeMethod(TestInvoker.java:527)\r\n\tat org.testng.internal.TestInvoker.invokeTestMethod(TestInvoker.java:173)\r\n\tat org.testng.internal.MethodRunner.runInSequence(MethodRunner.java:46)\r\n\tat org.testng.internal.TestInvoker$MethodInvocationAgent.invoke(TestInvoker.java:824)\r\n\tat org.testng.internal.TestInvoker.invokeTestMethods(TestInvoker.java:146)\r\n\tat org.testng.internal.TestMethodWorker.invokeTestMethods(TestMethodWorker.java:146)\r\n\tat org.testng.internal.TestMethodWorker.run(TestMethodWorker.java:128)\r\n\tat java.util.ArrayList.forEach(ArrayList.java:1257)\r\n\tat org.testng.TestRunner.privateRun(TestRunner.java:794)\r\n\tat org.testng.TestRunner.run(TestRunner.java:596)\r\n\tat org.testng.SuiteRunner.runTest(SuiteRunner.java:377)\r\n\tat org.testng.SuiteRunner.access$000(SuiteRunner.java:28)\r\n\tat org.testng.SuiteRunner$SuiteWorker.run(SuiteRunner.java:418)\r\n\tat org.testng.internal.thread.ThreadUtil.lambda$execute$0(ThreadUtil.java:64)\r\n\tat java.util.concurrent.FutureTask.run(FutureTask.java:266)\r\n\tat java.util.concurrent.ThreadPoolExecutor.runWorker(ThreadPoolExecutor.java:1149)\r\n\tat java.util.concurrent.ThreadPoolExecutor$Worker.run(ThreadPoolExecutor.java:624)\r\n\tat java.lang.Thread.run(Thread.java:748)\r\nCaused by: java.io.FileNotFoundException: core\\src\\main\\resources\\framework.properties (The system cannot find the path specified)\r\n\tat java.io.FileInputStream.open0(Native Method)\r\n\tat java.io.FileInputStream.open(FileInputStream.java:195)\r\n\tat java.io.FileInputStream.<init>(FileInputStream.java:138)\r\n\tat java.io.FileInputStream.<init>(FileInputStream.java:93)\r\n\tat com.automation.core.framework.config.ConfigFactorySingleton.loadProperties(ConfigFactorySingleton.java:70)\r\n\t... 33 more\r\n"},"stage":"finished","description":"","steps":[],"attachments":[],"parameters":[],"start":1753773888702,"stop":1753773888710}],"afters":[],"start":1753773888702,"stop":1753773888711}